2019-11-25 10:28:32 [-][-][-][error][yii\console\UnknownCommandException] yii\base\InvalidRouteException: Unable to resolve the request "version". in C:\xampp\htdocs\repository-yii2\vendor\yiisoft\yii2\base\Module.php:537
Stack trace:
#0 C:\xampp\htdocs\repository-yii2\vendor\yiisoft\yii2\console\Application.php(180): yii\base\Module->runAction('version', Array)
#1 C:\xampp\htdocs\repository-yii2\vendor\yiisoft\yii2\console\Application.php(147): yii\console\Application->runAction('version', Array)
#2 C:\xampp\htdocs\repository-yii2\vendor\yiisoft\yii2\base\Application.php(386): yii\console\Application->handleRequest(Object(yii\console\Request))
#3 C:\xampp\htdocs\repository-yii2\yii(23): yii\base\Application->run()
#4 {main}

Next yii\console\UnknownCommandException: Unknown command "version". in C:\xampp\htdocs\repository-yii2\vendor\yiisoft\yii2\console\Application.php:183
Stack trace:
#0 C:\xampp\htdocs\repository-yii2\vendor\yiisoft\yii2\console\Application.php(147): yii\console\Application->runAction('version', Array)
#1 C:\xampp\htdocs\repository-yii2\vendor\yiisoft\yii2\base\Application.php(386): yii\console\Application->handleRequest(Object(yii\console\Request))
#2 C:\xampp\htdocs\repository-yii2\yii(23): yii\base\Application->run()
#3 {main}
2019-11-25 10:28:32 [-][-][-][info][application] $_GET = []

$_POST = []

$_FILES = []

$_COOKIE = []

$_SERVER = [
    'ALLUSERSPROFILE' => 'C:\\ProgramData'
    'APPDATA' => 'C:\\Users\\ilyascommand\\AppData\\Roaming'
    'CommonProgramFiles' => 'C:\\Program Files\\Common Files'
    'CommonProgramFiles(x86)' => 'C:\\Program Files (x86)\\Common Files'
    'CommonProgramW6432' => 'C:\\Program Files\\Common Files'
    'COMPUTERNAME' => 'DESKTOP-98M8FGU'
    'ComSpec' => 'C:\\Windows\\system32\\cmd.exe'
    'DriverData' => 'C:\\Windows\\System32\\Drivers\\DriverData'
    'FPS_BROWSER_APP_PROFILE_STRING' => 'Internet Explorer'
    'FPS_BROWSER_USER_PROFILE_STRING' => 'Default'
    'HOMEDRIVE' => 'C:'
    'HOMEPATH' => '\\Users\\ilyascommand'
    'LOCALAPPDATA' => 'C:\\Users\\ilyascommand\\AppData\\Local'
    'LOGONSERVER' => '\\\\DESKTOP-98M8FGU'
    'NUMBER_OF_PROCESSORS' => '8'
    'OneDrive' => 'C:\\Users\\ilyascommand\\OneDrive'
    'OS' => 'Windows_NT'
    'Path' => 'C:\\oraclexe\\app\\oracle\\product\\11.2.0\\server\\bin;C:\\Windows\\system32;C:\\Windows;C:\\Windows\\System32\\Wbem;C:\\Windows\\System32\\WindowsPowerShell\\v1.0\\;C:\\Windows\\System32\\OpenSSH\\;C:\\Program Files\\Java\\jdk-13\\bin;C:\\Program Files (x86)\\ZeroTier\\One\\;C:\\Program Files\\FFmpeg\\bin;C:\\xampp\\php;C:\\ProgramData\\ComposerSetup\\bin;C:\\Users\\ilyascommand\\AppData\\Local\\Microsoft\\WindowsApps;C:\\Users\\ilyascommand\\AppData\\Roaming\\Composer\\vendor\\bin;C:\\adb;C:\\Users\\ilyascommand\\AppData\\Local\\Microsoft\\WindowsApps;C:\\Users\\ilyascommand\\AppData\\Roaming\\Composer\\vendor\\bin;C:\\Users\\ilyascommand\\AppData\\Local\\atom\\bin'
    'PATHEXT' => '.COM;.EXE;.BAT;.CMD;.VBS;.VBE;.JS;.JSE;.WSF;.WSH;.MSC'
    'PHP_COMMAND' => 'php.exe'
    'PROCESSOR_ARCHITECTURE' => 'AMD64'
    'PROCESSOR_IDENTIFIER' => 'Intel64 Family 6 Model 142 Stepping 10, GenuineIntel'
    'PROCESSOR_LEVEL' => '6'
    'PROCESSOR_REVISION' => '8e0a'
    'ProgramData' => 'C:\\ProgramData'
    'ProgramFiles' => 'C:\\Program Files'
    'ProgramFiles(x86)' => 'C:\\Program Files (x86)'
    'ProgramW6432' => 'C:\\Program Files'
    'PROMPT' => '$P$G'
    'PSModulePath' => 'C:\\Program Files\\WindowsPowerShell\\Modules;C:\\Windows\\system32\\WindowsPowerShell\\v1.0\\Modules'
    'PT7HOME' => 'C:\\Program Files\\Cisco Packet Tracer 7.2.2'
    'PUBLIC' => 'C:\\Users\\Public'
    'QT_DEVICE_PIXEL_RATIO' => 'auto'
    'SESSIONNAME' => 'Console'
    'SystemDrive' => 'C:'
    'SystemRoot' => 'C:\\Windows'
    'TEMP' => 'C:\\Users\\ILYASC~1\\AppData\\Local\\Temp'
    'TMP' => 'C:\\Users\\ILYASC~1\\AppData\\Local\\Temp'
    'USERDOMAIN' => 'DESKTOP-98M8FGU'
    'USERDOMAIN_ROAMINGPROFILE' => 'DESKTOP-98M8FGU'
    'USERNAME' => 'ilyascommand'
    'USERPROFILE' => 'C:\\Users\\ilyascommand'
    'VBOX_MSI_INSTALL_PATH' => 'C:\\Program Files\\Oracle\\VirtualBox\\'
    'windir' => 'C:\\Windows'
    'YII_PATH' => 'C:\\xampp\\htdocs\\repository-yii2\\'
    'PHP_SELF' => 'C:\\xampp\\htdocs\\repository-yii2\\yii'
    'SCRIPT_NAME' => 'C:\\xampp\\htdocs\\repository-yii2\\yii'
    'SCRIPT_FILENAME' => 'C:\\xampp\\htdocs\\repository-yii2\\yii'
    'PATH_TRANSLATED' => 'C:\\xampp\\htdocs\\repository-yii2\\yii'
    'DOCUMENT_ROOT' => ''
    'REQUEST_TIME_FLOAT' => 1574674112.762
    'REQUEST_TIME' => 1574674112
    'argv' => [
        0 => 'C:\\xampp\\htdocs\\repository-yii2\\yii'
        1 => 'version'
    ]
    'argc' => 2
]
2019-11-26 02:46:25 [-][-][-][error][yii\db\Exception] PDOException: SQLSTATE[42S21]: Column already exists: 1060 Duplicate column name 'admin_level' in C:\xampp\htdocs\repository-yii2\vendor\yiisoft\yii2\db\Command.php:1290
Stack trace:
#0 C:\xampp\htdocs\repository-yii2\vendor\yiisoft\yii2\db\Command.php(1290): PDOStatement->execute()
#1 C:\xampp\htdocs\repository-yii2\vendor\yiisoft\yii2\db\Command.php(1091): yii\db\Command->internalExecute('ALTER TABLE `us...')
#2 C:\xampp\htdocs\repository-yii2\vendor\yiisoft\yii2\db\Migration.php(377): yii\db\Command->execute()
#3 C:\xampp\htdocs\repository-yii2\console\migrations\m191126_013122_add_admin_level_to_user_table.php(9): yii\db\Migration->addColumn('{{%user}}', 'admin_level', Object(yii\db\mysql\ColumnSchemaBuilder))
#4 C:\xampp\htdocs\repository-yii2\vendor\yiisoft\yii2\console\controllers\BaseMigrateController.php(724): m191126_013122_add_admin_level_to_user_table->up()
#5 C:\xampp\htdocs\repository-yii2\vendor\yiisoft\yii2\console\controllers\BaseMigrateController.php(200): yii\console\controllers\BaseMigrateController->migrateUp('m191126_013122_...')
#6 [internal function]: yii\console\controllers\BaseMigrateController->actionUp(0)
#7 C:\xampp\htdocs\repository-yii2\vendor\yiisoft\yii2\base\InlineAction.php(57): call_user_func_array(Array, Array)
#8 C:\xampp\htdocs\repository-yii2\vendor\yiisoft\yii2\base\Controller.php(157): yii\base\InlineAction->runWithParams(Array)
#9 C:\xampp\htdocs\repository-yii2\vendor\yiisoft\yii2\console\Controller.php(164): yii\base\Controller->runAction('', Array)
#10 C:\xampp\htdocs\repository-yii2\vendor\yiisoft\yii2\base\Module.php(528): yii\console\Controller->runAction('', Array)
#11 C:\xampp\htdocs\repository-yii2\vendor\yiisoft\yii2\console\Application.php(180): yii\base\Module->runAction('migrate', Array)
#12 C:\xampp\htdocs\repository-yii2\vendor\yiisoft\yii2\console\Application.php(147): yii\console\Application->runAction('migrate', Array)
#13 C:\xampp\htdocs\repository-yii2\vendor\yiisoft\yii2\base\Application.php(386): yii\console\Application->handleRequest(Object(yii\console\Request))
#14 C:\xampp\htdocs\repository-yii2\yii(23): yii\base\Application->run()
#15 {main}

Next yii\db\Exception: SQLSTATE[42S21]: Column already exists: 1060 Duplicate column name 'admin_level'
The SQL being executed was: ALTER TABLE `user` ADD `admin_level` varchar(255) NULL DEFAULT NULL in C:\xampp\htdocs\repository-yii2\vendor\yiisoft\yii2\db\Schema.php:674
Stack trace:
#0 C:\xampp\htdocs\repository-yii2\vendor\yiisoft\yii2\db\Command.php(1295): yii\db\Schema->convertException(Object(PDOException), 'ALTER TABLE `us...')
#1 C:\xampp\htdocs\repository-yii2\vendor\yiisoft\yii2\db\Command.php(1091): yii\db\Command->internalExecute('ALTER TABLE `us...')
#2 C:\xampp\htdocs\repository-yii2\vendor\yiisoft\yii2\db\Migration.php(377): yii\db\Command->execute()
#3 C:\xampp\htdocs\repository-yii2\console\migrations\m191126_013122_add_admin_level_to_user_table.php(9): yii\db\Migration->addColumn('{{%user}}', 'admin_level', Object(yii\db\mysql\ColumnSchemaBuilder))
#4 C:\xampp\htdocs\repository-yii2\vendor\yiisoft\yii2\console\controllers\BaseMigrateController.php(724): m191126_013122_add_admin_level_to_user_table->up()
#5 C:\xampp\htdocs\repository-yii2\vendor\yiisoft\yii2\console\controllers\BaseMigrateController.php(200): yii\console\controllers\BaseMigrateController->migrateUp('m191126_013122_...')
#6 [internal function]: yii\console\controllers\BaseMigrateController->actionUp(0)
#7 C:\xampp\htdocs\repository-yii2\vendor\yiisoft\yii2\base\InlineAction.php(57): call_user_func_array(Array, Array)
#8 C:\xampp\htdocs\repository-yii2\vendor\yiisoft\yii2\base\Controller.php(157): yii\base\InlineAction->runWithParams(Array)
#9 C:\xampp\htdocs\repository-yii2\vendor\yiisoft\yii2\console\Controller.php(164): yii\base\Controller->runAction('', Array)
#10 C:\xampp\htdocs\repository-yii2\vendor\yiisoft\yii2\base\Module.php(528): yii\console\Controller->runAction('', Array)
#11 C:\xampp\htdocs\repository-yii2\vendor\yiisoft\yii2\console\Application.php(180): yii\base\Module->runAction('migrate', Array)
#12 C:\xampp\htdocs\repository-yii2\vendor\yiisoft\yii2\console\Application.php(147): yii\console\Application->runAction('migrate', Array)
#13 C:\xampp\htdocs\repository-yii2\vendor\yiisoft\yii2\base\Application.php(386): yii\console\Application->handleRequest(Object(yii\console\Request))
#14 C:\xampp\htdocs\repository-yii2\yii(23): yii\base\Application->run()
#15 {main}
Additional Information:
Array
(
    [0] => 42S21
    [1] => 1060
    [2] => Duplicate column name 'admin_level'
)

2019-11-26 02:46:10 [-][-][-][info][application] $_GET = []

$_POST = []

$_FILES = []

$_COOKIE = []

$_SERVER = [
    'ALLUSERSPROFILE' => 'C:\\ProgramData'
    'APPDATA' => 'C:\\Users\\ilyascommand\\AppData\\Roaming'
    'CommonProgramFiles' => 'C:\\Program Files\\Common Files'
    'CommonProgramFiles(x86)' => 'C:\\Program Files (x86)\\Common Files'
    'CommonProgramW6432' => 'C:\\Program Files\\Common Files'
    'COMPUTERNAME' => 'DESKTOP-98M8FGU'
    'ComSpec' => 'C:\\Windows\\system32\\cmd.exe'
    'DriverData' => 'C:\\Windows\\System32\\Drivers\\DriverData'
    'FPS_BROWSER_APP_PROFILE_STRING' => 'Internet Explorer'
    'FPS_BROWSER_USER_PROFILE_STRING' => 'Default'
    'HOMEDRIVE' => 'C:'
    'HOMEPATH' => '\\Users\\ilyascommand'
    'LOCALAPPDATA' => 'C:\\Users\\ilyascommand\\AppData\\Local'
    'LOGONSERVER' => '\\\\DESKTOP-98M8FGU'
    'NUMBER_OF_PROCESSORS' => '8'
    'OneDrive' => 'C:\\Users\\ilyascommand\\OneDrive'
    'OS' => 'Windows_NT'
    'Path' => 'C:\\oraclexe\\app\\oracle\\product\\11.2.0\\server\\bin;C:\\Windows\\system32;C:\\Windows;C:\\Windows\\System32\\Wbem;C:\\Windows\\System32\\WindowsPowerShell\\v1.0\\;C:\\Windows\\System32\\OpenSSH\\;C:\\Program Files\\Java\\jdk-13\\bin;C:\\Program Files (x86)\\ZeroTier\\One\\;C:\\Program Files\\FFmpeg\\bin;C:\\xampp\\php;C:\\ProgramData\\ComposerSetup\\bin;C:\\Users\\ilyascommand\\AppData\\Local\\Microsoft\\WindowsApps;C:\\Users\\ilyascommand\\AppData\\Roaming\\Composer\\vendor\\bin;C:\\adb;C:\\Users\\ilyascommand\\AppData\\Local\\Microsoft\\WindowsApps;C:\\Users\\ilyascommand\\AppData\\Roaming\\Composer\\vendor\\bin;C:\\Users\\ilyascommand\\AppData\\Local\\atom\\bin'
    'PATHEXT' => '.COM;.EXE;.BAT;.CMD;.VBS;.VBE;.JS;.JSE;.WSF;.WSH;.MSC'
    'PHP_COMMAND' => 'php.exe'
    'PROCESSOR_ARCHITECTURE' => 'AMD64'
    'PROCESSOR_IDENTIFIER' => 'Intel64 Family 6 Model 142 Stepping 10, GenuineIntel'
    'PROCESSOR_LEVEL' => '6'
    'PROCESSOR_REVISION' => '8e0a'
    'ProgramData' => 'C:\\ProgramData'
    'ProgramFiles' => 'C:\\Program Files'
    'ProgramFiles(x86)' => 'C:\\Program Files (x86)'
    'ProgramW6432' => 'C:\\Program Files'
    'PROMPT' => '$P$G'
    'PSModulePath' => 'C:\\Program Files\\WindowsPowerShell\\Modules;C:\\Windows\\system32\\WindowsPowerShell\\v1.0\\Modules'
    'PT7HOME' => 'C:\\Program Files\\Cisco Packet Tracer 7.2.2'
    'PUBLIC' => 'C:\\Users\\Public'
    'QT_DEVICE_PIXEL_RATIO' => 'auto'
    'SESSIONNAME' => 'Console'
    'SystemDrive' => 'C:'
    'SystemRoot' => 'C:\\Windows'
    'TEMP' => 'C:\\Users\\ILYASC~1\\AppData\\Local\\Temp'
    'TMP' => 'C:\\Users\\ILYASC~1\\AppData\\Local\\Temp'
    'USERDOMAIN' => 'DESKTOP-98M8FGU'
    'USERDOMAIN_ROAMINGPROFILE' => 'DESKTOP-98M8FGU'
    'USERNAME' => 'ilyascommand'
    'USERPROFILE' => 'C:\\Users\\ilyascommand'
    'VBOX_MSI_INSTALL_PATH' => 'C:\\Program Files\\Oracle\\VirtualBox\\'
    'windir' => 'C:\\Windows'
    'YII_PATH' => 'C:\\xampp\\htdocs\\repository-yii2\\'
    'PHP_SELF' => 'C:\\xampp\\htdocs\\repository-yii2\\yii'
    'SCRIPT_NAME' => 'C:\\xampp\\htdocs\\repository-yii2\\yii'
    'SCRIPT_FILENAME' => 'C:\\xampp\\htdocs\\repository-yii2\\yii'
    'PATH_TRANSLATED' => 'C:\\xampp\\htdocs\\repository-yii2\\yii'
    'DOCUMENT_ROOT' => ''
    'REQUEST_TIME_FLOAT' => 1574732770.4856
    'REQUEST_TIME' => 1574732770
    'argv' => [
        0 => 'C:\\xampp\\htdocs\\repository-yii2\\yii'
        1 => 'migrate'
    ]
    'argc' => 2
]
2019-11-26 02:46:38 [-][-][-][error][yii\db\Exception] PDOException: SQLSTATE[42S21]: Column already exists: 1060 Duplicate column name 'admin_level' in C:\xampp\htdocs\repository-yii2\vendor\yiisoft\yii2\db\Command.php:1290
Stack trace:
#0 C:\xampp\htdocs\repository-yii2\vendor\yiisoft\yii2\db\Command.php(1290): PDOStatement->execute()
#1 C:\xampp\htdocs\repository-yii2\vendor\yiisoft\yii2\db\Command.php(1091): yii\db\Command->internalExecute('ALTER TABLE `us...')
#2 C:\xampp\htdocs\repository-yii2\vendor\yiisoft\yii2\db\Migration.php(377): yii\db\Command->execute()
#3 C:\xampp\htdocs\repository-yii2\console\migrations\m191126_013122_add_admin_level_to_user_table.php(9): yii\db\Migration->addColumn('{{%user}}', 'admin_level', Object(yii\db\mysql\ColumnSchemaBuilder))
#4 C:\xampp\htdocs\repository-yii2\vendor\yiisoft\yii2\console\controllers\BaseMigrateController.php(724): m191126_013122_add_admin_level_to_user_table->up()
#5 C:\xampp\htdocs\repository-yii2\vendor\yiisoft\yii2\console\controllers\BaseMigrateController.php(200): yii\console\controllers\BaseMigrateController->migrateUp('m191126_013122_...')
#6 C:\xampp\htdocs\repository-yii2\vendor\yiisoft\yii2\console\controllers\BaseMigrateController.php(467): yii\console\controllers\BaseMigrateController->actionUp()
#7 [internal function]: yii\console\controllers\BaseMigrateController->actionFresh()
#8 C:\xampp\htdocs\repository-yii2\vendor\yiisoft\yii2\base\InlineAction.php(57): call_user_func_array(Array, Array)
#9 C:\xampp\htdocs\repository-yii2\vendor\yiisoft\yii2\base\Controller.php(157): yii\base\InlineAction->runWithParams(Array)
#10 C:\xampp\htdocs\repository-yii2\vendor\yiisoft\yii2\console\Controller.php(164): yii\base\Controller->runAction('fresh', Array)
#11 C:\xampp\htdocs\repository-yii2\vendor\yiisoft\yii2\base\Module.php(528): yii\console\Controller->runAction('fresh', Array)
#12 C:\xampp\htdocs\repository-yii2\vendor\yiisoft\yii2\console\Application.php(180): yii\base\Module->runAction('migrate/fresh', Array)
#13 C:\xampp\htdocs\repository-yii2\vendor\yiisoft\yii2\console\Application.php(147): yii\console\Application->runAction('migrate/fresh', Array)
#14 C:\xampp\htdocs\repository-yii2\vendor\yiisoft\yii2\base\Application.php(386): yii\console\Application->handleRequest(Object(yii\console\Request))
#15 C:\xampp\htdocs\repository-yii2\yii(23): yii\base\Application->run()
#16 {main}

Next yii\db\Exception: SQLSTATE[42S21]: Column already exists: 1060 Duplicate column name 'admin_level'
The SQL being executed was: ALTER TABLE `user` ADD `admin_level` varchar(255) NULL DEFAULT NULL in C:\xampp\htdocs\repository-yii2\vendor\yiisoft\yii2\db\Schema.php:674
Stack trace:
#0 C:\xampp\htdocs\repository-yii2\vendor\yiisoft\yii2\db\Command.php(1295): yii\db\Schema->convertException(Object(PDOException), 'ALTER TABLE `us...')
#1 C:\xampp\htdocs\repository-yii2\vendor\yiisoft\yii2\db\Command.php(1091): yii\db\Command->internalExecute('ALTER TABLE `us...')
#2 C:\xampp\htdocs\repository-yii2\vendor\yiisoft\yii2\db\Migration.php(377): yii\db\Command->execute()
#3 C:\xampp\htdocs\repository-yii2\console\migrations\m191126_013122_add_admin_level_to_user_table.php(9): yii\db\Migration->addColumn('{{%user}}', 'admin_level', Object(yii\db\mysql\ColumnSchemaBuilder))
#4 C:\xampp\htdocs\repository-yii2\vendor\yiisoft\yii2\console\controllers\BaseMigrateController.php(724): m191126_013122_add_admin_level_to_user_table->up()
#5 C:\xampp\htdocs\repository-yii2\vendor\yiisoft\yii2\console\controllers\BaseMigrateController.php(200): yii\console\controllers\BaseMigrateController->migrateUp('m191126_013122_...')
#6 C:\xampp\htdocs\repository-yii2\vendor\yiisoft\yii2\console\controllers\BaseMigrateController.php(467): yii\console\controllers\BaseMigrateController->actionUp()
#7 [internal function]: yii\console\controllers\BaseMigrateController->actionFresh()
#8 C:\xampp\htdocs\repository-yii2\vendor\yiisoft\yii2\base\InlineAction.php(57): call_user_func_array(Array, Array)
#9 C:\xampp\htdocs\repository-yii2\vendor\yiisoft\yii2\base\Controller.php(157): yii\base\InlineAction->runWithParams(Array)
#10 C:\xampp\htdocs\repository-yii2\vendor\yiisoft\yii2\console\Controller.php(164): yii\base\Controller->runAction('fresh', Array)
#11 C:\xampp\htdocs\repository-yii2\vendor\yiisoft\yii2\base\Module.php(528): yii\console\Controller->runAction('fresh', Array)
#12 C:\xampp\htdocs\repository-yii2\vendor\yiisoft\yii2\console\Application.php(180): yii\base\Module->runAction('migrate/fresh', Array)
#13 C:\xampp\htdocs\repository-yii2\vendor\yiisoft\yii2\console\Application.php(147): yii\console\Application->runAction('migrate/fresh', Array)
#14 C:\xampp\htdocs\repository-yii2\vendor\yiisoft\yii2\base\Application.php(386): yii\console\Application->handleRequest(Object(yii\console\Request))
#15 C:\xampp\htdocs\repository-yii2\yii(23): yii\base\Application->run()
#16 {main}
Additional Information:
Array
(
    [0] => 42S21
    [1] => 1060
    [2] => Duplicate column name 'admin_level'
)

2019-11-26 02:46:32 [-][-][-][info][application] $_GET = []

$_POST = []

$_FILES = []

$_COOKIE = []

$_SERVER = [
    'ALLUSERSPROFILE' => 'C:\\ProgramData'
    'APPDATA' => 'C:\\Users\\ilyascommand\\AppData\\Roaming'
    'CommonProgramFiles' => 'C:\\Program Files\\Common Files'
    'CommonProgramFiles(x86)' => 'C:\\Program Files (x86)\\Common Files'
    'CommonProgramW6432' => 'C:\\Program Files\\Common Files'
    'COMPUTERNAME' => 'DESKTOP-98M8FGU'
    'ComSpec' => 'C:\\Windows\\system32\\cmd.exe'
    'DriverData' => 'C:\\Windows\\System32\\Drivers\\DriverData'
    'FPS_BROWSER_APP_PROFILE_STRING' => 'Internet Explorer'
    'FPS_BROWSER_USER_PROFILE_STRING' => 'Default'
    'HOMEDRIVE' => 'C:'
    'HOMEPATH' => '\\Users\\ilyascommand'
    'LOCALAPPDATA' => 'C:\\Users\\ilyascommand\\AppData\\Local'
    'LOGONSERVER' => '\\\\DESKTOP-98M8FGU'
    'NUMBER_OF_PROCESSORS' => '8'
    'OneDrive' => 'C:\\Users\\ilyascommand\\OneDrive'
    'OS' => 'Windows_NT'
    'Path' => 'C:\\oraclexe\\app\\oracle\\product\\11.2.0\\server\\bin;C:\\Windows\\system32;C:\\Windows;C:\\Windows\\System32\\Wbem;C:\\Windows\\System32\\WindowsPowerShell\\v1.0\\;C:\\Windows\\System32\\OpenSSH\\;C:\\Program Files\\Java\\jdk-13\\bin;C:\\Program Files (x86)\\ZeroTier\\One\\;C:\\Program Files\\FFmpeg\\bin;C:\\xampp\\php;C:\\ProgramData\\ComposerSetup\\bin;C:\\Users\\ilyascommand\\AppData\\Local\\Microsoft\\WindowsApps;C:\\Users\\ilyascommand\\AppData\\Roaming\\Composer\\vendor\\bin;C:\\adb;C:\\Users\\ilyascommand\\AppData\\Local\\Microsoft\\WindowsApps;C:\\Users\\ilyascommand\\AppData\\Roaming\\Composer\\vendor\\bin;C:\\Users\\ilyascommand\\AppData\\Local\\atom\\bin'
    'PATHEXT' => '.COM;.EXE;.BAT;.CMD;.VBS;.VBE;.JS;.JSE;.WSF;.WSH;.MSC'
    'PHP_COMMAND' => 'php.exe'
    'PROCESSOR_ARCHITECTURE' => 'AMD64'
    'PROCESSOR_IDENTIFIER' => 'Intel64 Family 6 Model 142 Stepping 10, GenuineIntel'
    'PROCESSOR_LEVEL' => '6'
    'PROCESSOR_REVISION' => '8e0a'
    'ProgramData' => 'C:\\ProgramData'
    'ProgramFiles' => 'C:\\Program Files'
    'ProgramFiles(x86)' => 'C:\\Program Files (x86)'
    'ProgramW6432' => 'C:\\Program Files'
    'PROMPT' => '$P$G'
    'PSModulePath' => 'C:\\Program Files\\WindowsPowerShell\\Modules;C:\\Windows\\system32\\WindowsPowerShell\\v1.0\\Modules'
    'PT7HOME' => 'C:\\Program Files\\Cisco Packet Tracer 7.2.2'
    'PUBLIC' => 'C:\\Users\\Public'
    'QT_DEVICE_PIXEL_RATIO' => 'auto'
    'SESSIONNAME' => 'Console'
    'SystemDrive' => 'C:'
    'SystemRoot' => 'C:\\Windows'
    'TEMP' => 'C:\\Users\\ILYASC~1\\AppData\\Local\\Temp'
    'TMP' => 'C:\\Users\\ILYASC~1\\AppData\\Local\\Temp'
    'USERDOMAIN' => 'DESKTOP-98M8FGU'
    'USERDOMAIN_ROAMINGPROFILE' => 'DESKTOP-98M8FGU'
    'USERNAME' => 'ilyascommand'
    'USERPROFILE' => 'C:\\Users\\ilyascommand'
    'VBOX_MSI_INSTALL_PATH' => 'C:\\Program Files\\Oracle\\VirtualBox\\'
    'windir' => 'C:\\Windows'
    'YII_PATH' => 'C:\\xampp\\htdocs\\repository-yii2\\'
    'PHP_SELF' => 'C:\\xampp\\htdocs\\repository-yii2\\yii'
    'SCRIPT_NAME' => 'C:\\xampp\\htdocs\\repository-yii2\\yii'
    'SCRIPT_FILENAME' => 'C:\\xampp\\htdocs\\repository-yii2\\yii'
    'PATH_TRANSLATED' => 'C:\\xampp\\htdocs\\repository-yii2\\yii'
    'DOCUMENT_ROOT' => ''
    'REQUEST_TIME_FLOAT' => 1574732792.6309
    'REQUEST_TIME' => 1574732792
    'argv' => [
        0 => 'C:\\xampp\\htdocs\\repository-yii2\\yii'
        1 => 'migrate/fresh'
    ]
    'argc' => 2
]
